<?xml version="1.0" encoding="UTF-8"?>
<!-- Generated by org.testng.reporters.JUnitReportReporter -->
<testsuite skipped="0" hostname="Nikil" name="com.maven.testngmaven" tests="2" failures="0" timestamp="30 Jun 2017 01:33:05 GMT" time="0.021" errors="0">
  <testcase name="logout" time="0.007" classname="com.maven.testngmaven"/>
  <testcase name="login" time="0.014" classname="com.maven.testngmaven"/>
</testsuite> <!-- com.maven.testngmaven -->
